
E:\360云盘\Workbench\nodejs\lStatistics\node_modules\mongodb\lib\server.js:235
        process.nextTick(function() { throw err; })
                                            ^
Error: connect ECONNREFUSED
    at exports._errnoException (util.js:746:11)
    at TCPConnectWrap.afterConnect [as oncomplete] (net.js:1010:19)
module.js:338
    throw err;
          ^
Error: Cannot find module './src/_io.js'
    at Function.Module._resolveFilename (module.js:336:15)
    at Function.Module._load (module.js:278:25)
    at Module.require (module.js:365:17)
    at require (module.js:384:17)
    at Object.<anonymous> (E:\360云盘\Workbench\nodejs\lStatistics\index.js:9:1)
    at Module._compile (module.js:460:26)
    at Object.Module._extensions..js (module.js:478:10)
    at Module.load (module.js:355:32)
    at Function.Module._load (module.js:310:12)
    at Function.Module.runMain (module.js:501:10)
module.js:338
    throw err;
          ^
Error: Cannot find module './src/_io.js'
    at Function.Module._resolveFilename (module.js:336:15)
    at Function.Module._load (module.js:278:25)
    at Module.require (module.js:365:17)
    at require (module.js:384:17)
    at Object.<anonymous> (E:\360云盘\Workbench\nodejs\lStatistics\index.js:9:1)
    at Module._compile (module.js:460:26)
    at Object.Module._extensions..js (module.js:478:10)
    at Module.load (module.js:355:32)
    at Function.Module._load (module.js:310:12)
    at Function.Module.runMain (module.js:501:10)
module.js:338
    throw err;
          ^
Error: Cannot find module './src/_io.js'
    at Function.Module._resolveFilename (module.js:336:15)
    at Function.Module._load (module.js:278:25)
    at Module.require (module.js:365:17)
    at require (module.js:384:17)
    at Object.<anonymous> (E:\360云盘\Workbench\nodejs\lStatistics\index.js:9:1)
    at Module._compile (module.js:460:26)
    at Object.Module._extensions..js (module.js:478:10)
    at Module.load (module.js:355:32)
    at Function.Module._load (module.js:310:12)
    at Function.Module.runMain (module.js:501:10)
E:\360云盘\Workbench\nodejs\lStatistics\node_modules\mongodb\lib\utils.js:98
    process.nextTick(function() { throw err; });
                                        ^
Error: Can't set headers after they are sent.
    at ServerResponse.OutgoingMessage.setHeader (_http_outgoing.js:335:11)
    at ServerResponse.header (E:\360云盘\Workbench\nodejs\lStatistics\node_modules\express\lib\response.js:718:10)
    at send_boot (E:\360云盘\Workbench\nodejs\lStatistics\src\server.js:250:9)
    at E:\360云盘\Workbench\nodejs\lStatistics\src\server.js:110:25
    at handleCallback (E:\360云盘\Workbench\nodejs\lStatistics\node_modules\mongodb\lib\utils.js:96:12)
    at E:\360云盘\Workbench\nodejs\lStatistics\node_modules\mongodb\lib\collection.js:2330:14
    at handleCallback (E:\360云盘\Workbench\nodejs\lStatistics\node_modules\mongodb\lib\utils.js:96:12)
    at E:\360云盘\Workbench\nodejs\lStatistics\node_modules\mongodb\lib\db.js:283:5
    at E:\360云盘\Workbench\nodejs\lStatistics\node_modules\mongodb\node_modules\mongodb-core\lib\topologies\server.js:778:13
    at Callbacks.emit (E:\360云盘\Workbench\nodejs\lStatistics\node_modules\mongodb\node_modules\mongodb-core\lib\topologies\server.js:95:3)
E:\360云盘\Workbench\nodejs\lStatistics\node_modules\mongodb\lib\utils.js:98
    process.nextTick(function() { throw err; });
                                        ^
Error: Can't set headers after they are sent.
    at ServerResponse.OutgoingMessage.setHeader (_http_outgoing.js:335:11)
    at ServerResponse.header (E:\360云盘\Workbench\nodejs\lStatistics\node_modules\express\lib\response.js:718:10)
    at send_boot (E:\360云盘\Workbench\nodejs\lStatistics\src\server.js:250:9)
    at E:\360云盘\Workbench\nodejs\lStatistics\src\server.js:110:25
    at handleCallback (E:\360云盘\Workbench\nodejs\lStatistics\node_modules\mongodb\lib\utils.js:96:12)
    at E:\360云盘\Workbench\nodejs\lStatistics\node_modules\mongodb\lib\collection.js:2330:14
    at handleCallback (E:\360云盘\Workbench\nodejs\lStatistics\node_modules\mongodb\lib\utils.js:96:12)
    at E:\360云盘\Workbench\nodejs\lStatistics\node_modules\mongodb\lib\db.js:283:5
    at E:\360云盘\Workbench\nodejs\lStatistics\node_modules\mongodb\node_modules\mongodb-core\lib\topologies\server.js:778:13
    at Callbacks.emit (E:\360云盘\Workbench\nodejs\lStatistics\node_modules\mongodb\node_modules\mongodb-core\lib\topologies\server.js:95:3)
E:\360云盘\Workbench\nodejs\lStatistics\node_modules\mongodb\lib\utils.js:98
    process.nextTick(function() { throw err; });
                                        ^
Error: Can't set headers after they are sent.
    at ServerResponse.OutgoingMessage.setHeader (_http_outgoing.js:335:11)
    at ServerResponse.header (E:\360云盘\Workbench\nodejs\lStatistics\node_modules\express\lib\response.js:718:10)
    at send_boot (E:\360云盘\Workbench\nodejs\lStatistics\src\server.js:250:9)
    at E:\360云盘\Workbench\nodejs\lStatistics\src\server.js:140:21
    at handleCallback (E:\360云盘\Workbench\nodejs\lStatistics\node_modules\mongodb\lib\utils.js:96:12)
    at E:\360云盘\Workbench\nodejs\lStatistics\node_modules\mongodb\lib\collection.js:1923:5
    at handleCallback (E:\360云盘\Workbench\nodejs\lStatistics\node_modules\mongodb\lib\utils.js:96:12)
    at E:\360云盘\Workbench\nodejs\lStatistics\node_modules\mongodb\lib\db.js:283:5
    at E:\360云盘\Workbench\nodejs\lStatistics\node_modules\mongodb\node_modules\mongodb-core\lib\topologies\server.js:778:13
    at Callbacks.emit (E:\360云盘\Workbench\nodejs\lStatistics\node_modules\mongodb\node_modules\mongodb-core\lib\topologies\server.js:95:3)
E:\360云盘\Workbench\nodejs\lStatistics\node_modules\mongodb\lib\utils.js:98
    process.nextTick(function() { throw err; });
                                        ^
Error: Can't set headers after they are sent.
    at ServerResponse.OutgoingMessage.setHeader (_http_outgoing.js:335:11)
    at ServerResponse.header (E:\360云盘\Workbench\nodejs\lStatistics\node_modules\express\lib\response.js:718:10)
    at send_boot (E:\360云盘\Workbench\nodejs\lStatistics\src\server.js:250:9)
    at E:\360云盘\Workbench\nodejs\lStatistics\src\server.js:104:29
    at E:\360云盘\Workbench\nodejs\lStatistics\node_modules\mongodb\lib\collection.js:407:18
    at handleCallback (E:\360云盘\Workbench\nodejs\lStatistics\node_modules\mongodb\lib\utils.js:96:12)
    at E:\360云盘\Workbench\nodejs\lStatistics\node_modules\mongodb\lib\collection.js:672:5
    at E:\360云盘\Workbench\nodejs\lStatistics\node_modules\mongodb\node_modules\mongodb-core\lib\topologies\server.js:778:13
    at Callbacks.emit (E:\360云盘\Workbench\nodejs\lStatistics\node_modules\mongodb\node_modules\mongodb-core\lib\topologies\server.js:95:3)
    at null.messageHandler (E:\360云盘\Workbench\nodejs\lStatistics\node_modules\mongodb\node_modules\mongodb-core\lib\topologies\server.js:249:23)
E:\360云盘\Workbench\nodejs\lStatistics\node_modules\mongodb\lib\utils.js:98
    process.nextTick(function() { throw err; });
                                        ^
Error: Can't set headers after they are sent.
    at ServerResponse.OutgoingMessage.setHeader (_http_outgoing.js:335:11)
    at ServerResponse.header (E:\360云盘\Workbench\nodejs\lStatistics\node_modules\express\lib\response.js:718:10)
    at send_boot (E:\360云盘\Workbench\nodejs\lStatistics\src\server.js:250:9)
    at E:\360云盘\Workbench\nodejs\lStatistics\src\server.js:110:25
    at handleCallback (E:\360云盘\Workbench\nodejs\lStatistics\node_modules\mongodb\lib\utils.js:96:12)
    at E:\360云盘\Workbench\nodejs\lStatistics\node_modules\mongodb\lib\collection.js:2330:14
    at handleCallback (E:\360云盘\Workbench\nodejs\lStatistics\node_modules\mongodb\lib\utils.js:96:12)
    at E:\360云盘\Workbench\nodejs\lStatistics\node_modules\mongodb\lib\db.js:283:5
    at E:\360云盘\Workbench\nodejs\lStatistics\node_modules\mongodb\node_modules\mongodb-core\lib\topologies\server.js:778:13
    at Callbacks.emit (E:\360云盘\Workbench\nodejs\lStatistics\node_modules\mongodb\node_modules\mongodb-core\lib\topologies\server.js:95:3)
E:\360云盘\Workbench\nodejs\lStatistics\node_modules\mongodb\lib\utils.js:98
    process.nextTick(function() { throw err; });
                                        ^
Error: Can't set headers after they are sent.
    at ServerResponse.OutgoingMessage.setHeader (_http_outgoing.js:335:11)
    at ServerResponse.header (E:\360云盘\Workbench\nodejs\lStatistics\node_modules\express\lib\response.js:718:10)
    at send_boot (E:\360云盘\Workbench\nodejs\lStatistics\src\server.js:250:9)
    at E:\360云盘\Workbench\nodejs\lStatistics\src\server.js:110:25
    at handleCallback (E:\360云盘\Workbench\nodejs\lStatistics\node_modules\mongodb\lib\utils.js:96:12)
    at E:\360云盘\Workbench\nodejs\lStatistics\node_modules\mongodb\lib\collection.js:2330:14
    at handleCallback (E:\360云盘\Workbench\nodejs\lStatistics\node_modules\mongodb\lib\utils.js:96:12)
    at E:\360云盘\Workbench\nodejs\lStatistics\node_modules\mongodb\lib\db.js:283:5
    at E:\360云盘\Workbench\nodejs\lStatistics\node_modules\mongodb\node_modules\mongodb-core\lib\topologies\server.js:778:13
    at Callbacks.emit (E:\360云盘\Workbench\nodejs\lStatistics\node_modules\mongodb\node_modules\mongodb-core\lib\topologies\server.js:95:3)
